<?xml version="1.0" encoding="UTF-8"?>
<testsuite name="SillyTest" tests="1" skipped="0" failures="0" errors="0" timestamp="2022-10-09T21:59:36" hostname="DESKTOP-N40Q212" time="0.011">
  <properties/>
  <testcase name="testTask5" classname="SillyTest" time="0.011"/>
  <system-out><![CDATA[]]></system-out>
  <system-err><![CDATA[]]></system-err>
</testsuite>
